2018-12-12 20:21:45 INFO  BankCore:179 - Host OS is macOS.
2018-12-12 20:21:45 INFO  BankCore:185 - Working directory is /Volumes/Nano/Documentos/Nano/Universidad/Asignaturas/2018-2019/CNVR/Práctica-final/Parte-2/distributed-bank/
2018-12-12 20:21:45 INFO  BankCore:186 - Server creation command will be: open -a Terminal /Volumes/Nano/Documentos/Nano/Universidad/Asignaturas/2018-2019/CNVR/Práctica-final/Parte-2/distributed-bank/start.sh
2018-12-12 20:21:45 INFO  BankCore:39 - Created ZK session
2018-12-12 20:21:45 INFO  BankCore:237 - ClusterManager Zookeeper session created: WatchedEvent state:SyncConnected type:None path:null.
2018-12-12 20:21:45 INFO  ClusterManager:263 - I am the new leader!
2018-12-12 20:21:45 INFO  BankCore:230 - Setting a leader
2018-12-12 20:21:48 INFO  ClusterManager:331 - New process launched triggered.
2018-12-12 20:21:49 INFO  ClusterManager:471 - Getting port from the process with /state znode /state/state-0000000286.
2018-12-12 20:21:49 INFO  ClusterManager:477 - Port: 10697
2018-12-12 20:21:49 INFO  ClusterManager:338 - IN handle znodes update, oldZnodeListString before is: [415]
2018-12-12 20:21:49 INFO  ClusterManager:347 - IN handle znodes update, oldZnodeListString after is: [415]
2018-12-12 20:21:49 INFO  ClusterManager:355 - oldZnodeListString is [415]
2018-12-12 20:21:49 INFO  ClusterManager:356 - znodeListMembersString is [member-0000000416, member-0000000415]
2018-12-12 20:21:51 INFO  ClusterManager:331 - New process launched triggered.
2018-12-12 20:21:52 INFO  ClusterManager:471 - Getting port from the process with /state znode /state/state-0000000287.
2018-12-12 20:21:52 INFO  ClusterManager:477 - Port: 10575
2018-12-12 20:21:52 INFO  ClusterManager:338 - IN handle znodes update, oldZnodeListString before is: [416, 415]
2018-12-12 20:21:52 INFO  ClusterManager:347 - IN handle znodes update, oldZnodeListString after is: [416, 415]
2018-12-12 20:21:52 INFO  ClusterManager:355 - oldZnodeListString is [416, 415]
2018-12-12 20:21:52 INFO  ClusterManager:356 - znodeListMembersString is [member-0000000417, member-0000000416, member-0000000415]
2018-12-12 20:22:08 INFO  UpdateManager:97 - OperationBank [operation=CREATE, client=Account: 1 Name: a Balance: 1, accountNumber=0]

2018-12-12 20:22:08 INFO  UpdateManager:297 - Notified
2018-12-12 20:22:08 INFO  UpdateManager:297 - Notified
2018-12-12 20:22:08 INFO  UpdateManager:273 - Persisting operation
2018-12-12 20:22:08 INFO  UpdateManager:277 - Response: OK
2018-12-12 20:22:08 INFO  BankCore:86 - End of creation, breaking case.
2018-12-12 20:22:27 INFO  ClusterManager:338 - IN handle znodes update, oldZnodeListString before is: [417, 416, 415]
2018-12-12 20:22:27 INFO  ClusterManager:347 - IN handle znodes update, oldZnodeListString after is: [417, 416, 415]
2018-12-12 20:22:27 INFO  ClusterManager:355 - oldZnodeListString is [417, 416, 415]
2018-12-12 20:22:27 INFO  ClusterManager:356 - znodeListMembersString is [member-0000000416, member-0000000415]
2018-12-12 20:22:29 INFO  ClusterManager:338 - IN handle znodes update, oldZnodeListString before is: [416, 415]
2018-12-12 20:22:29 INFO  ClusterManager:347 - IN handle znodes update, oldZnodeListString after is: [416, 415]
2018-12-12 20:22:29 INFO  ClusterManager:355 - oldZnodeListString is [416, 415]
2018-12-12 20:22:29 INFO  ClusterManager:356 - znodeListMembersString is [member-0000000415]
2018-12-12 20:22:30 INFO  ClusterManager:331 - New process launched triggered.
2018-12-12 20:22:31 INFO  ClusterManager:471 - Getting port from the process with /state znode /state/state-0000000288.
2018-12-12 20:22:31 INFO  ClusterManager:477 - Port: 10610
2018-12-12 20:22:31 INFO  ClusterManager:338 - IN handle znodes update, oldZnodeListString before is: [415]
2018-12-12 20:22:31 INFO  ClusterManager:347 - IN handle znodes update, oldZnodeListString after is: [415]
2018-12-12 20:22:31 INFO  ClusterManager:355 - oldZnodeListString is [415]
2018-12-12 20:22:31 INFO  ClusterManager:356 - znodeListMembersString is [member-0000000418, member-0000000415]
2018-12-12 20:22:33 INFO  ClusterManager:331 - New process launched triggered.
2018-12-12 20:22:34 INFO  ClusterManager:471 - Getting port from the process with /state znode /state/state-0000000289.
2018-12-12 20:22:34 INFO  ClusterManager:477 - Port: 10562
2018-12-12 20:22:34 INFO  ClusterManager:338 - IN handle znodes update, oldZnodeListString before is: [418, 415]
2018-12-12 20:22:34 INFO  ClusterManager:347 - IN handle znodes update, oldZnodeListString after is: [418, 415]
2018-12-12 20:22:34 INFO  ClusterManager:355 - oldZnodeListString is [418, 415]
2018-12-12 20:22:34 INFO  ClusterManager:356 - znodeListMembersString is [member-0000000419, member-0000000418, member-0000000415]
2018-12-12 20:22:37 INFO  ClusterManager:338 - IN handle znodes update, oldZnodeListString before is: [419, 418, 415]
2018-12-12 20:22:37 INFO  ClusterManager:347 - IN handle znodes update, oldZnodeListString after is: [419, 418, 415]
2018-12-12 20:22:37 INFO  ClusterManager:355 - oldZnodeListString is [419, 418, 415]
2018-12-12 20:22:37 INFO  ClusterManager:356 - znodeListMembersString is [member-0000000419, member-0000000415]
2018-12-12 20:22:39 INFO  ClusterManager:331 - New process launched triggered.
2018-12-12 20:22:39 INFO  ClusterManager:338 - IN handle znodes update, oldZnodeListString before is: [419, 415]
2018-12-12 20:22:39 INFO  ClusterManager:347 - IN handle znodes update, oldZnodeListString after is: [419, 415]
2018-12-12 20:22:39 INFO  ClusterManager:355 - oldZnodeListString is [419, 415]
2018-12-12 20:22:39 INFO  ClusterManager:356 - znodeListMembersString is [member-0000000415]
2018-12-12 20:22:40 INFO  ClusterManager:471 - Getting port from the process with /state znode /state/state-0000000290.
2018-12-12 20:22:40 INFO  ClusterManager:477 - Port: 10670
2018-12-12 20:22:40 INFO  ClusterManager:338 - IN handle znodes update, oldZnodeListString before is: [415]
2018-12-12 20:22:40 INFO  ClusterManager:347 - IN handle znodes update, oldZnodeListString after is: [415]
2018-12-12 20:22:40 INFO  ClusterManager:355 - oldZnodeListString is [415]
2018-12-12 20:22:40 INFO  ClusterManager:356 - znodeListMembersString is [member-0000000420, member-0000000415]
2018-12-12 20:22:42 INFO  ClusterManager:331 - New process launched triggered.
2018-12-12 20:22:43 INFO  ClusterManager:471 - Getting port from the process with /state znode /state/state-0000000291.
2018-12-12 20:22:43 INFO  ClusterManager:477 - Port: 10295
2018-12-12 20:22:43 INFO  ClusterManager:338 - IN handle znodes update, oldZnodeListString before is: [420, 415]
2018-12-12 20:22:43 INFO  ClusterManager:347 - IN handle znodes update, oldZnodeListString after is: [420, 415]
2018-12-12 20:22:43 INFO  ClusterManager:355 - oldZnodeListString is [420, 415]
2018-12-12 20:22:43 INFO  ClusterManager:356 - znodeListMembersString is [member-0000000420, member-0000000421, member-0000000415]
2018-12-12 20:22:47 INFO  ClusterManager:338 - IN handle znodes update, oldZnodeListString before is: [420, 421, 415]
2018-12-12 20:22:47 INFO  ClusterManager:347 - IN handle znodes update, oldZnodeListString after is: [420, 421, 415]
2018-12-12 20:22:47 INFO  ClusterManager:355 - oldZnodeListString is [420, 421, 415]
2018-12-12 20:22:47 INFO  ClusterManager:356 - znodeListMembersString is [member-0000000421, member-0000000415]
2018-12-12 20:22:48 INFO  ClusterManager:331 - New process launched triggered.
2018-12-12 20:22:49 INFO  ClusterManager:471 - Getting port from the process with /state znode /state/state-0000000292.
2018-12-12 20:22:49 INFO  ClusterManager:477 - Port: 10767
2018-12-12 20:22:49 INFO  ClusterManager:338 - IN handle znodes update, oldZnodeListString before is: [421, 415]
2018-12-12 20:22:49 INFO  ClusterManager:347 - IN handle znodes update, oldZnodeListString after is: [421, 415]
2018-12-12 20:22:49 INFO  ClusterManager:355 - oldZnodeListString is [421, 415]
2018-12-12 20:22:49 INFO  ClusterManager:356 - znodeListMembersString is [member-0000000422, member-0000000421, member-0000000415]
2018-12-12 20:22:49 INFO  ClusterManager:338 - IN handle znodes update, oldZnodeListString before is: [422, 421, 415]
2018-12-12 20:22:49 INFO  ClusterManager:347 - IN handle znodes update, oldZnodeListString after is: [422, 421, 415]
2018-12-12 20:22:49 INFO  ClusterManager:355 - oldZnodeListString is [422, 421, 415]
2018-12-12 20:22:49 INFO  ClusterManager:356 - znodeListMembersString is [member-0000000422, member-0000000415]
2018-12-12 20:22:52 INFO  ClusterManager:331 - New process launched triggered.
2018-12-12 20:22:52 INFO  ClusterManager:471 - Getting port from the process with /state znode /state/state-0000000293.
2018-12-12 20:22:52 INFO  ClusterManager:477 - Port: 10879
2018-12-12 20:22:52 INFO  ClusterManager:338 - IN handle znodes update, oldZnodeListString before is: [422, 415]
2018-12-12 20:22:52 INFO  ClusterManager:347 - IN handle znodes update, oldZnodeListString after is: [422, 415]
2018-12-12 20:22:52 INFO  ClusterManager:355 - oldZnodeListString is [422, 415]
2018-12-12 20:22:52 INFO  ClusterManager:356 - znodeListMembersString is [member-0000000422, member-0000000423, member-0000000415]
